[E:runtime][1970-06-26 15:31:35 @lualib/bootstrap.lua:118] thread:6568 start,command:event@server/logger_server@101,lua mem:148.872070kb,c mem:194.914062kb
[E:runtime][1970-06-26 15:31:35 @./lualib/import.lua:24] handler.logger_handler local var:event:6,_log_ctx:8,_M:16,
[E:runtime][1970-06-26 15:31:35 @./lualib/import.lua:24] server.protocol_forward local var:
[E:runtime][1970-06-26 15:31:35 @./lualib/import.lua:24] server.rpc local var:connect_channel:18,do_send:61,CONNECT_STATUS:10,event:2,channel:5,
[E:runtime][1970-06-26 15:31:35 @./lualib/import.lua:24] handler.agent_handler local var:protocol:4,
[E:runtime][1970-06-26 15:31:35 @lualib/bootstrap.lua:118] thread:6569 start,command:event@server/agent@101,lua mem:202.244141kb,c mem:295.554688kb
[E:runtime][1970-06-26 15:31:44 @./lualib/import.lua:24] handler.agent_handler local var:protocol:4,
[E:runtime][1970-06-26 15:31:44 @lualib/bootstrap.lua:103] thread:21005 start,command:event@server/agent@101,lua mem:202.840820kb,c mem:296.468750kb
[E:runtime][1970-06-26 15:31:45 @./lualib/import.lua:24] handler.agent_handler local var:protocol:4,
[E:runtime][1970-06-26 15:31:45 @lualib/bootstrap.lua:103] thread:21022 start,command:event@server/agent@101,lua mem:202.840820kb,c mem:296.468750kb
[E:runtime][1970-06-26 15:31:45 @./lualib/import.lua:24] handler.agent_handler local var:protocol:4,
[E:runtime][1970-06-26 15:31:45 @lualib/bootstrap.lua:103] thread:21039 start,command:event@server/agent@101,lua mem:203.309570kb,c mem:296.984375kb
[E:runtime][1970-06-26 15:31:45 @./script/server/agent.lua:56] error
[E:runtime][1970-06-26 15:31:45 @./script/server/agent.lua:56] error
[E:runtime][1970-06-26 15:31:45 @./script/server/agent.lua:56] error
[E:runtime][1970-06-26 15:31:46 @./lualib/import.lua:24] handler.agent_handler local var:protocol:4,
[E:runtime][1970-06-26 15:31:46 @lualib/bootstrap.lua:103] thread:21057 start,command:event@server/agent@101,lua mem:203.421875kb,c mem:297.171875kb
[E:runtime][1970-06-26 15:31:46 @./script/server/agent.lua:56] error
[E:runtime][1970-06-26 15:31:46 @./script/server/agent.lua:56] error
[E:runtime][1970-06-26 15:31:46 @./script/server/agent.lua:56] error
[E:runtime][1970-06-26 15:31:46 @./script/server/agent.lua:56] error
[E:runtime][1970-06-26 15:31:46 @./script/server/agent.lua:56] error
[E:runtime][1970-06-26 15:31:46 @./script/server/agent.lua:56] error
[E:runtime][1970-06-26 15:31:46 @./script/server/agent.lua:56] error
[E:runtime][1970-06-26 15:31:47 @./script/server/agent.lua:56] error
[E:runtime][1970-06-26 15:31:47 @./script/server/agent.lua:56] error
[E:runtime][1970-06-26 15:31:47 @./script/server/agent.lua:56] error
[E:runtime][1970-06-26 15:31:48 @./script/server/agent.lua:56] error
[E:runtime][1970-06-26 15:31:48 @./script/server/agent.lua:56] error
[E:runtime][1970-06-26 15:31:48 @./script/server/agent.lua:56] error
[E:runtime][1970-06-26 15:31:48 @./script/server/agent.lua:56] error
[E:runtime][1970-06-26 15:31:49 @./lualib/import.lua:24] handler.agent_handler local var:protocol:4,
[E:runtime][1970-06-26 15:31:49 @lualib/bootstrap.lua:103] thread:21216 start,command:event@server/agent@101,lua mem:203.994141kb,c mem:298.015625kb
[E:runtime][1970-06-26 15:31:49 @./script/server/agent.lua:56] error
[E:runtime][1970-06-26 15:31:50 @./lualib/import.lua:24] handler.agent_handler local var:protocol:4,
[E:runtime][1970-06-26 15:31:50 @lualib/bootstrap.lua:103] thread:21236 start,command:event@server/agent@101,lua mem:203.998047kb,c mem:298.015625kb
[E:runtime][1970-06-26 15:31:50 @./script/server/agent.lua:56] error
[E:runtime][1970-06-26 15:31:50 @./script/server/agent.lua:56] error
[E:runtime][1970-06-26 15:31:51 @./script/server/agent.lua:56] error
[E:runtime][1970-06-26 15:31:51 @./script/server/agent.lua:56] error
[E:runtime][1970-06-26 15:31:51 @./script/server/agent.lua:56] error
[E:runtime][1970-06-26 15:31:51 @./script/server/agent.lua:56] error
[E:runtime][1970-06-26 15:31:51 @./script/server/agent.lua:56] error
[E:runtime][1970-06-26 15:31:51 @./script/server/agent.lua:56] error
[E:runtime][1970-06-26 15:31:51 @./script/server/agent.lua:56] error
[E:runtime][1970-06-26 15:31:51 @./script/server/agent.lua:56] error
[E:runtime][1970-06-26 15:31:52 @./script/server/agent.lua:56] error
[E:runtime][1970-06-26 15:31:52 @./script/server/agent.lua:56] error
[E:runtime][1970-06-26 15:31:52 @./script/server/agent.lua:56] error
[E:runtime][1970-06-26 15:31:52 @./script/server/agent.lua:56] error
[E:runtime][1970-06-26 15:31:52 @./script/server/agent.lua:56] error
[E:runtime][1970-06-26 15:31:52 @./script/server/agent.lua:56] error
[E:runtime][1970-06-26 15:31:52 @./script/server/agent.lua:56] error
[E:runtime][1970-06-26 15:31:52 @./script/server/agent.lua:56] error
[E:runtime][1970-06-26 15:31:52 @./script/server/agent.lua:56] error
[E:runtime][1970-06-26 15:31:52 @./script/server/agent.lua:56] error
[E:runtime][1970-06-26 15:31:52 @./script/server/agent.lua:56] error
[E:runtime][1970-06-26 15:31:52 @./script/server/agent.lua:56] error
[E:runtime][1970-06-26 15:33:31 @./lualib/import.lua:24] handler.agent_handler local var:protocol:4,
[E:runtime][1970-06-26 15:33:31 @lualib/bootstrap.lua:103] thread:31328 start,command:event@server/agent@101,lua mem:203.416016kb,c mem:297.156250kb
[E:runtime][1970-06-26 16:00:41 @./lualib/event.lua:71] ./lualib/event.lua:92: attempt to index a nil value (local 'addr')
stack traceback:
	./lualib/event.lua:92: in upvalue 'resolve_addr'
	./lualib/event.lua:124: in function 'event.connect'
	./script/server/scene.lua:70: in upvalue 'func'
	./lualib/event.lua:49: in function <./lualib/event.lua:48>
[E:runtime][1970-06-26 16:00:41 @lualib/bootstrap.lua:103] thread:24245 start,command:event@server/scene@101,lua mem:200.612305kb,c mem:431.289062kb
[E:runtime][1970-06-26 16:00:41 @./lualib/event.lua:71] ./lualib/event.lua:92: attempt to index a nil value (local 'addr')
stack traceback:
	./lualib/event.lua:92: in upvalue 'resolve_addr'
	./lualib/event.lua:124: in function 'event.connect'
	./script/server/scene.lua:34: in upvalue 'connect_server'
	./script/server/scene.lua:78: in upvalue 'func'
	./lualib/event.lua:49: in function <./lualib/event.lua:48>
[E:runtime][1970-06-26 16:00:41 @lualib/bootstrap.lua:103] thread:24272 start,command:event@server/scene@101,lua mem:200.050781kb,c mem:439.406250kb
[E:runtime][1970-06-26 16:00:41 @./lualib/event.lua:71] ./lualib/event.lua:92: attempt to index a nil value (local 'addr')
stack traceback:
	./lualib/event.lua:92: in upvalue 'resolve_addr'
	./lualib/event.lua:110: in function 'event.listen'
	./script/server/scene.lua:82: in upvalue 'func'
	./lualib/event.lua:49: in function <./lualib/event.lua:48>
[E:runtime][1970-06-26 16:00:41 @lualib/bootstrap.lua:103] thread:24276 start,command:event@server/scene@101,lua mem:199.957031kb,c mem:439.343750kb
[E:runtime][1970-06-26 16:00:41 @./lualib/event.lua:71] ./script/server/scene.lua:93: attempt to index a nil value (local 'master_channel')
stack traceback:
	./script/server/scene.lua:93: in upvalue 'func'
	./lualib/event.lua:49: in function <./lualib/event.lua:48>
[E:runtime][1970-06-26 16:00:41 @lualib/bootstrap.lua:103] thread:24291 start,command:event@server/scene@101,lua mem:200.457031kb,c mem:437.445312kb
[E:runtime][1970-06-26 16:00:42 @./lualib/event.lua:71] ./script/server/scene.lua:93: attempt to index a nil value (local 'master_channel')
stack traceback:
	./script/server/scene.lua:93: in upvalue 'func'
	./lualib/event.lua:49: in function <./lualib/event.lua:48>
[E:runtime][1970-06-26 16:00:42 @lualib/bootstrap.lua:103] thread:24317 start,command:event@server/scene@101,lua mem:200.457031kb,c mem:437.742188kb
[E:runtime][1970-06-26 16:00:42 @lualib/bootstrap.lua:103] thread:24321 start,command:event@server/scene@101,lua mem:200.850586kb,c mem:430.320312kb
[E:runtime][1970-06-26 16:00:42 @lualib/bootstrap.lua:103] thread:24324 start,command:event@server/scene@101,lua mem:200.855469kb,c mem:430.320312kb
[E:runtime][1970-06-26 16:00:45 @lualib/bootstrap.lua:103] thread:24493 start,command:event@server/scene@101,lua mem:200.850586kb,c mem:430.507812kb
[E:runtime][1970-06-26 16:00:45 @lualib/bootstrap.lua:103] thread:24516 start,command:event@server/scene@101,lua mem:200.850586kb,c mem:430.507812kb
[E:runtime][1970-06-26 16:00:46 @./lualib/event.lua:71] ./lualib/event.lua:92: attempt to index a nil value (local 'addr')
stack traceback:
	./lualib/event.lua:92: in upvalue 'resolve_addr'
	./lualib/event.lua:124: in function 'event.connect'
	./script/server/scene.lua:70: in upvalue 'func'
	./lualib/event.lua:49: in function <./lualib/event.lua:48>
[E:runtime][1970-06-26 16:00:46 @lualib/bootstrap.lua:103] thread:24541 start,command:event@server/scene@101,lua mem:200.651367kb,c mem:431.132812kb
[E:runtime][1970-06-26 16:00:48 @./lualib/event.lua:71] ./lualib/event.lua:92: attempt to index a nil value (local 'addr')
stack traceback:
	./lualib/event.lua:92: in upvalue 'resolve_addr'
	./lualib/event.lua:124: in function 'event.connect'
	./script/server/world.lua:29: in upvalue 'connect_server'
	./script/server/world.lua:65: in upvalue 'func'
	./lualib/event.lua:49: in function <./lualib/event.lua:48>
[E:runtime][1970-06-26 16:00:48 @lualib/bootstrap.lua:103] thread:24820 start,command:event@server/world@101,lua mem:204.273438kb,c mem:274.492188kb
[E:runtime][1970-06-26 16:01:01 @lualib/bootstrap.lua:103] thread:7244 start,command:event@server/master@101,lua mem:194.525391kb,c mem:262.132812kb
[E:runtime][1970-06-26 16:01:02 @lualib/bootstrap.lua:103] thread:7248 start,command:event@server/world@101,lua mem:197.192383kb,c mem:265.164062kb
[E:runtime][1970-06-26 16:01:02 @lualib/bootstrap.lua:103] thread:7275 start,command:event@server/scene@101,lua mem:198.307617kb,c mem:266.539062kb
[E:runtime][1970-06-26 16:01:02 @lualib/bootstrap.lua:103] thread:7293 start,command:event@server/agent@101,lua mem:205.070312kb,c mem:299.164062kb
[E:runtime][1970-06-26 16:02:53 @./lualib/event.lua:71] user.server.startup:34: attempt to index a nil value (global 'mongodb')
stack traceback:
	user.server.startup:34: in field 'run'
	./script/server/world.lua:31: in upvalue 'func'
	./lualib/event.lua:49: in function <./lualib/event.lua:48>
[E:runtime][1970-06-26 16:02:55 @./script/server/agent.lua:58] agent start success
[E:runtime][1970-06-26 16:10:17 @user.server.startup:49] connect server:login ipc://login.ipc failed:Connection refused
[E:runtime][1970-06-26 16:10:17 @./script/server/agent.lua:58] agent start success
[E:runtime][1970-06-26 16:10:18 @./script/server/agent.lua:58] agent start success
[E:runtime][1970-06-26 16:10:18 @./script/server/agent.lua:58] agent start success
[E:runtime][1970-06-26 16:10:20 @./script/server/agent.lua:58] agent start success
[E:runtime][2018-04-13 09:14:25 @./script/server/agent.lua:58] agent start success
[E:runtime][2018-04-13 09:17:21 @./script/server/agent.lua:58] agent start success
[E:runtime][2018-04-13 09:25:48 @user.server.startup:49] connect server:login ipc://login.ipc failed:Connection refused
[E:runtime][2018-04-13 09:25:49 @./script/server/agent.lua:58] agent start success
[E:runtime][2018-04-13 09:26:37 @user.server.startup:49] connect server:login ipc://login.ipc failed:Connection refused
[E:runtime][2018-04-13 09:26:38 @./script/server/agent.lua:58] agent start success
[E:runtime][2018-04-13 09:27:21 @user.server.startup:49] connect server:world ipc://world.ipc failed:Connection refused
[E:runtime][2018-04-13 09:27:21 @user.server.startup:49] connect server:login ipc://login.ipc failed:Connection refused
[E:runtime][2018-04-13 09:27:22 @./script/server/agent.lua:58] agent start success
[E:runtime][2018-04-13 09:27:40 @user.server.startup:49] connect server:login ipc://login.ipc failed:Connection refused
[E:runtime][2018-04-13 09:27:40 @user.server.startup:49] connect server:world ipc://world.ipc failed:Connection refused
[E:runtime][2018-04-13 09:27:41 @./script/server/agent.lua:58] agent start success
[E:runtime][2018-04-13 09:28:21 @user.server.startup:49] connect server:login ipc://login.ipc failed:Connection refused
[E:runtime][2018-04-13 09:28:21 @user.server.startup:49] connect server:world ipc://world.ipc failed:Connection refused
[E:runtime][2018-04-13 09:28:22 @./script/server/agent.lua:58] agent start success
[E:runtime][2018-04-13 09:28:22 @./script/server/agent.lua:58] agent start success
[E:runtime][2018-04-13 09:29:55 @user.server.startup:49] connect server:login ipc://login.ipc failed:Connection refused
[E:runtime][2018-04-13 09:29:55 @./script/server/agent.lua:58] agent start success
[E:runtime][2018-04-13 09:29:56 @./script/server/agent.lua:58] agent start success
[E:runtime][2018-04-13 09:34:40 @user.server.startup:49] connect server:login ipc://login.ipc failed:Connection refused
[E:runtime][2018-04-13 09:34:40 @user.server.startup:49] connect server:login ipc://login.ipc failed:Connection refused
[E:runtime][2018-04-13 09:34:40 @user.server.startup:49] connect server:world ipc://world.ipc failed:Connection refused
[E:runtime][2018-04-13 09:34:41 @./script/server/agent.lua:58] agent start success
[E:runtime][2018-04-13 09:34:41 @./script/server/agent.lua:58] agent start success
[E:runtime][2018-04-13 09:40:52 @user.server.startup:49] connect server:login ipc://login.ipc failed:Connection refused
[E:runtime][2018-04-13 09:40:52 @user.server.startup:49] connect server:login ipc://login.ipc failed:Connection refused
[E:runtime][2018-04-13 09:40:53 @./script/server/agent.lua:58] agent start success
[E:runtime][2018-04-13 09:40:53 @./script/server/agent.lua:58] agent start success
[E:runtime][2018-04-13 09:41:48 @user.server.startup:49] connect server:world ipc://world.ipc failed:Connection refused
[E:runtime][2018-04-13 09:41:48 @user.server.startup:49] connect server:login ipc://login.ipc failed:Connection refused
[E:runtime][2018-04-13 09:41:48 @user.server.startup:49] connect server:world ipc://world.ipc failed:Connection refused
[E:runtime][2018-04-13 09:41:48 @user.server.startup:49] connect server:login ipc://login.ipc failed:No such file or directory
[E:runtime][2018-04-13 09:41:49 @./script/server/agent.lua:58] agent start success
[E:runtime][2018-04-13 09:41:49 @./script/server/agent.lua:58] agent start success
[E:runtime][2018-04-13 09:43:26 @user.server.startup:49] connect server:login ipc://login.ipc failed:Connection refused
[E:runtime][2018-04-13 09:43:26 @user.server.startup:49] connect server:world ipc://world.ipc failed:Connection refused
[E:runtime][2018-04-13 09:43:26 @user.server.startup:49] connect server:world ipc://world.ipc failed:Connection refused
[E:runtime][2018-04-13 09:43:26 @user.server.startup:49] connect server:login ipc://login.ipc failed:Connection refused
[E:runtime][2018-04-13 09:43:27 @./script/server/agent.lua:58] agent start success
[E:runtime][2018-04-13 09:43:27 @./script/server/agent.lua:58] agent start success
[E:runtime][2018-04-13 09:44:27 @user.server.startup:49] connect server:login ipc://login.ipc failed:Connection refused
[E:runtime][2018-04-13 09:44:27 @user.server.startup:49] connect server:login ipc://login.ipc failed:Connection refused
[E:runtime][2018-04-13 09:44:28 @./script/server/agent.lua:58] agent start success
[E:runtime][2018-04-13 09:44:28 @./script/server/agent.lua:58] agent start success
[E:runtime][2018-04-13 09:45:19 @user.server.startup:49] connect server:world ipc://world.ipc failed:Connection refused
[E:runtime][2018-04-13 09:45:19 @user.server.startup:49] connect server:world ipc://world.ipc failed:Connection refused
[E:runtime][2018-04-13 09:45:19 @./script/server/agent.lua:58] agent start success
[E:runtime][2018-04-13 09:45:49 @user.server.startup:49] connect server:login ipc://login.ipc failed:Connection refused
[E:runtime][2018-04-13 09:45:49 @user.server.startup:49] connect server:login ipc://login.ipc failed:Connection refused
[E:runtime][2018-04-13 09:45:49 @user.server.startup:49] connect server:world ipc://world.ipc failed:Connection refused
[E:runtime][2018-04-13 09:45:50 @user.server.startup:49] connect server:login ipc://login.ipc failed:Connection refused
[E:runtime][2018-04-13 09:45:50 @user.server.startup:49] connect server:login ipc://login.ipc failed:Connection refused
[E:runtime][2018-04-13 09:45:51 @user.server.startup:49] connect server:login ipc://login.ipc failed:Connection refused
[E:runtime][2018-04-13 09:45:51 @user.server.startup:49] connect server:login ipc://login.ipc failed:Connection refused
[E:runtime][2018-04-13 09:45:52 @user.server.startup:49] connect server:login ipc://login.ipc failed:Connection refused
[E:runtime][2018-04-13 09:45:52 @user.server.startup:49] connect server:login ipc://login.ipc failed:Connection refused
[E:runtime][2018-04-13 09:45:53 @user.server.startup:49] connect server:login ipc://login.ipc failed:Connection refused
[E:runtime][2018-04-13 09:45:53 @user.server.startup:49] connect server:login ipc://login.ipc failed:Connection refused
[E:runtime][2018-04-13 09:45:54 @user.server.startup:49] connect server:login ipc://login.ipc failed:Connection refused
[E:runtime][2018-04-13 09:45:54 @user.server.startup:49] connect server:login ipc://login.ipc failed:Connection refused
[E:runtime][2018-04-13 09:45:56 @user.server.startup:49] connect server:login ipc://login.ipc failed:Connection refused
[E:runtime][2018-04-13 09:45:56 @user.server.startup:49] connect server:world ipc://world.ipc failed:Connection refused
[E:runtime][2018-04-13 09:45:56 @user.server.startup:49] connect server:world ipc://world.ipc failed:Connection refused
[E:runtime][2018-04-13 09:45:56 @user.server.startup:49] connect server:login ipc://login.ipc failed:Connection refused
[E:runtime][2018-04-13 09:45:57 @user.server.startup:49] connect server:login ipc://login.ipc failed:Connection refused
[E:runtime][2018-04-13 09:45:57 @user.server.startup:49] connect server:login ipc://login.ipc failed:Connection refused
[E:runtime][2018-04-13 09:45:58 @user.server.startup:49] connect server:login ipc://login.ipc failed:Connection refused
[E:runtime][2018-04-13 09:45:58 @user.server.startup:49] connect server:login ipc://login.ipc failed:Connection refused
[E:runtime][2018-04-13 09:45:59 @user.server.startup:49] connect server:login ipc://login.ipc failed:Connection refused
[E:runtime][2018-04-13 09:45:59 @user.server.startup:49] connect server:login ipc://login.ipc failed:Connection refused
[E:runtime][2018-04-13 09:46:00 @user.server.startup:49] connect server:login ipc://login.ipc failed:Connection refused
[E:runtime][2018-04-13 09:46:00 @user.server.startup:49] connect server:login ipc://login.ipc failed:Connection refused
[E:runtime][2018-04-13 09:46:01 @user.server.startup:49] connect server:login ipc://login.ipc failed:Connection refused
[E:runtime][2018-04-13 09:46:01 @user.server.startup:49] connect server:login ipc://login.ipc failed:Connection refused
[E:runtime][2018-04-13 09:46:02 @user.server.startup:49] connect server:login ipc://login.ipc failed:Connection refused
[E:runtime][2018-04-13 09:46:02 @user.server.startup:49] connect server:login ipc://login.ipc failed:Connection refused
[E:runtime][2018-04-13 09:46:03 @user.server.startup:49] connect server:login ipc://login.ipc failed:Connection refused
[E:runtime][2018-04-13 09:46:03 @user.server.startup:49] connect server:login ipc://login.ipc failed:Connection refused
[E:runtime][2018-04-13 09:46:04 @user.server.startup:49] connect server:login ipc://login.ipc failed:Connection refused
[E:runtime][2018-04-13 09:46:04 @user.server.startup:49] connect server:login ipc://login.ipc failed:Connection refused
[E:runtime][2018-04-13 09:46:05 @user.server.startup:49] connect server:login ipc://login.ipc failed:Connection refused
[E:runtime][2018-04-13 09:46:15 @user.server.startup:49] connect server:world ipc://world.ipc failed:Connection refused
[E:runtime][2018-04-13 09:46:15 @user.server.startup:49] connect server:master ipc://master.ipc failed:Connection refused
[E:runtime][2018-04-13 09:46:15 @user.server.startup:49] connect server:login ipc://login.ipc failed:Connection refused
[E:runtime][2018-04-13 09:46:15 @user.server.startup:49] connect server:login ipc://login.ipc failed:Connection refused
[E:runtime][2018-04-13 09:46:16 @user.server.startup:49] connect server:login ipc://login.ipc failed:Connection refused
[E:runtime][2018-04-13 09:46:16 @user.server.startup:49] connect server:login ipc://login.ipc failed:Connection refused
[E:runtime][2018-04-13 09:46:17 @user.server.startup:49] connect server:login ipc://login.ipc failed:Connection refused
[E:runtime][2018-04-13 09:46:17 @user.server.startup:49] connect server:login ipc://login.ipc failed:Connection refused
[E:runtime][2018-04-13 09:46:18 @user.server.startup:49] connect server:login ipc://login.ipc failed:Connection refused
[E:runtime][2018-04-13 09:46:18 @user.server.startup:49] connect server:login ipc://login.ipc failed:Connection refused
[E:runtime][2018-04-13 09:46:19 @user.server.startup:49] connect server:login ipc://login.ipc failed:Connection refused
[E:runtime][2018-04-13 09:46:19 @user.server.startup:49] connect server:login ipc://login.ipc failed:Connection refused
[E:runtime][2018-04-13 09:46:20 @user.server.startup:49] connect server:login ipc://login.ipc failed:Connection refused
[E:runtime][2018-04-13 09:46:20 @user.server.startup:49] connect server:login ipc://login.ipc failed:Connection refused
[E:runtime][2018-04-13 09:46:21 @user.server.startup:49] connect server:login ipc://login.ipc failed:Connection refused
[E:runtime][2018-04-13 09:46:21 @user.server.startup:49] connect server:login ipc://login.ipc failed:Connection refused
[E:runtime][2018-04-13 09:46:22 @user.server.startup:49] connect server:login ipc://login.ipc failed:Connection refused
[E:runtime][2018-04-13 09:46:22 @user.server.startup:49] connect server:login ipc://login.ipc failed:Connection refused
[E:runtime][2018-04-13 09:46:23 @user.server.startup:49] connect server:login ipc://login.ipc failed:Connection refused
[E:runtime][2018-04-13 09:46:23 @user.server.startup:49] connect server:login ipc://login.ipc failed:Connection refused
[E:runtime][2018-04-13 09:46:24 @user.server.startup:49] connect server:login ipc://login.ipc failed:Connection refused
[E:runtime][2018-04-13 09:46:43 @user.server.startup:49] connect server:world ipc://world.ipc failed:Connection refused
[E:runtime][2018-04-13 09:46:43 @user.server.startup:49] connect server:login ipc://login.ipc failed:Connection refused
[E:runtime][2018-04-13 09:46:43 @user.server.startup:49] connect server:world ipc://world.ipc failed:Connection refused
[E:runtime][2018-04-13 09:46:43 @user.server.startup:49] connect server:login ipc://login.ipc failed:No such file or directory
[E:runtime][2018-04-13 09:46:44 @user.server.startup:49] connect server:login ipc://login.ipc failed:Connection refused
[E:runtime][2018-04-13 09:46:44 @user.server.startup:49] connect server:login ipc://login.ipc failed:Connection refused
[E:runtime][2018-04-13 09:46:45 @user.server.startup:49] connect server:login ipc://login.ipc failed:Connection refused
[E:runtime][2018-04-13 09:46:45 @user.server.startup:49] connect server:login ipc://login.ipc failed:Connection refused
[E:runtime][2018-04-13 09:46:46 @user.server.startup:49] connect server:login ipc://login.ipc failed:Connection refused
[E:runtime][2018-04-13 09:46:46 @user.server.startup:49] connect server:login ipc://login.ipc failed:Connection refused
[E:runtime][2018-04-13 09:46:47 @user.server.startup:49] connect server:login ipc://login.ipc failed:Connection refused
[E:runtime][2018-04-13 09:46:47 @user.server.startup:49] connect server:login ipc://login.ipc failed:Connection refused
[E:runtime][2018-04-13 09:46:55 @user.server.startup:49] connect server:login ipc://login.ipc failed:Connection refused
[E:runtime][2018-04-13 09:46:55 @user.server.startup:49] connect server:login ipc://login.ipc failed:Connection refused
[E:runtime][2018-04-13 09:46:55 @user.server.startup:49] connect server:master ipc://master.ipc failed:Connection refused
[E:runtime][2018-04-13 09:46:55 @user.server.startup:49] connect server:master ipc://master.ipc failed:Connection refused
[E:runtime][2018-04-13 09:46:56 @user.server.startup:49] connect server:login ipc://login.ipc failed:Connection refused
[E:runtime][2018-04-13 09:46:56 @user.server.startup:49] connect server:login ipc://login.ipc failed:Connection refused
[E:runtime][2018-04-13 09:46:57 @user.server.startup:49] connect server:login ipc://login.ipc failed:Connection refused
[E:runtime][2018-04-13 09:46:57 @user.server.startup:49] connect server:login ipc://login.ipc failed:Connection refused
[E:runtime][2018-04-13 09:46:58 @user.server.startup:49] connect server:login ipc://login.ipc failed:Connection refused
[E:runtime][2018-04-13 09:46:58 @user.server.startup:49] connect server:login ipc://login.ipc failed:Connection refused
[E:runtime][2018-04-13 09:46:59 @user.server.startup:49] connect server:login ipc://login.ipc failed:Connection refused
[E:runtime][2018-04-13 09:46:59 @user.server.startup:49] connect server:login ipc://login.ipc failed:Connection refused
[E:runtime][2018-04-13 09:47:00 @user.server.startup:49] connect server:login ipc://login.ipc failed:Connection refused
[E:runtime][2018-04-13 09:47:00 @user.server.startup:49] connect server:login ipc://login.ipc failed:Connection refused
[E:runtime][2018-04-13 09:47:01 @user.server.startup:49] connect server:login ipc://login.ipc failed:Connection refused
[E:runtime][2018-04-13 09:47:01 @user.server.startup:49] connect server:login ipc://login.ipc failed:Connection refused
[E:runtime][2018-04-13 09:47:02 @user.server.startup:49] connect server:login ipc://login.ipc failed:Connection refused
[E:runtime][2018-04-13 09:47:02 @user.server.startup:49] connect server:login ipc://login.ipc failed:Connection refused
[E:runtime][2018-04-13 09:47:03 @user.server.startup:49] connect server:login ipc://login.ipc failed:Connection refused
[E:runtime][2018-04-13 09:47:03 @user.server.startup:49] connect server:login ipc://login.ipc failed:Connection refused
[E:runtime][2018-04-13 09:47:04 @user.server.startup:49] connect server:login ipc://login.ipc failed:Connection refused
[E:runtime][2018-04-13 09:47:16 @user.server.startup:49] connect server:master ipc://master.ipc failed:Connection refused
[E:runtime][2018-04-13 09:47:16 @./script/server/agent.lua:58] agent start success
[E:runtime][2018-04-13 09:47:16 @user.server.startup:49] connect server:login ipc://login.ipc failed:Connection refused
[E:runtime][2018-04-13 09:47:16 @user.server.startup:49] connect server:master ipc://master.ipc failed:Connection refused
[E:runtime][2018-04-13 09:47:17 @user.server.startup:49] connect server:login ipc://login.ipc failed:Connection refused
[E:runtime][2018-04-13 09:47:18 @user.server.startup:49] connect server:login ipc://login.ipc failed:Connection refused
[E:runtime][2018-04-13 09:47:19 @user.server.startup:49] connect server:login ipc://login.ipc failed:Connection refused
[E:runtime][2018-04-13 09:47:20 @user.server.startup:49] connect server:login ipc://login.ipc failed:Connection refused
[E:runtime][2018-04-13 09:47:21 @user.server.startup:49] connect server:login ipc://login.ipc failed:Connection refused
[E:runtime][2018-04-13 09:47:22 @user.server.startup:49] connect server:login ipc://login.ipc failed:Connection refused
[E:runtime][2018-04-13 09:47:23 @user.server.startup:49] connect server:login ipc://login.ipc failed:Connection refused
[E:runtime][2018-04-13 09:47:24 @user.server.startup:49] connect server:login ipc://login.ipc failed:Connection refused
[E:runtime][2018-04-13 09:47:25 @user.server.startup:49] connect server:login ipc://login.ipc failed:Connection refused
[E:runtime][2018-04-13 09:48:04 @user.server.startup:49] connect server:login ipc://login.ipc failed:Connection refused
[E:runtime][2018-04-13 09:48:04 @user.server.startup:49] connect server:world ipc://world.ipc failed:Connection refused
[E:runtime][2018-04-13 09:48:04 @user.server.startup:49] connect server:login ipc://login.ipc failed:Connection refused
[E:runtime][2018-04-13 09:48:05 @user.server.startup:49] connect server:login ipc://login.ipc failed:Connection refused
[E:runtime][2018-04-13 09:48:05 @user.server.startup:49] connect server:login ipc://login.ipc failed:Connection refused
[E:runtime][2018-04-13 09:48:06 @user.server.startup:49] connect server:login ipc://login.ipc failed:Connection refused
[E:runtime][2018-04-13 09:48:06 @user.server.startup:49] connect server:login ipc://login.ipc failed:Connection refused
[E:runtime][2018-04-13 09:48:07 @user.server.startup:49] connect server:login ipc://login.ipc failed:Connection refused
[E:runtime][2018-04-13 09:48:07 @user.server.startup:49] connect server:login ipc://login.ipc failed:Connection refused
[E:runtime][2018-04-13 09:48:08 @user.server.startup:49] connect server:login ipc://login.ipc failed:Connection refused
[E:runtime][2018-04-13 09:48:08 @user.server.startup:49] connect server:login ipc://login.ipc failed:Connection refused
[E:runtime][2018-04-13 09:48:09 @user.server.startup:49] connect server:login ipc://login.ipc failed:Connection refused
[E:runtime][2018-04-13 09:48:09 @user.server.startup:49] connect server:login ipc://login.ipc failed:Connection refused
[E:runtime][2018-04-13 09:48:10 @user.server.startup:49] connect server:login ipc://login.ipc failed:Connection refused
[E:runtime][2018-04-13 09:48:10 @user.server.startup:49] connect server:login ipc://login.ipc failed:Connection refused
[E:runtime][2018-04-13 09:48:11 @user.server.startup:49] connect server:login ipc://login.ipc failed:Connection refused
[E:runtime][2018-04-13 09:48:11 @user.server.startup:49] connect server:login ipc://login.ipc failed:Connection refused
[E:runtime][2018-04-13 09:48:12 @user.server.startup:49] connect server:login ipc://login.ipc failed:Connection refused
[E:runtime][2018-04-13 09:48:12 @user.server.startup:49] connect server:login ipc://login.ipc failed:Connection refused
[E:runtime][2018-04-13 09:48:13 @user.server.startup:49] connect server:login ipc://login.ipc failed:Connection refused
[E:runtime][2018-04-13 09:48:46 @user.server.startup:49] server/agent connect server:login ipc://login.ipc failed:Connection refused
[E:runtime][2018-04-13 09:48:46 @user.server.startup:49] server/agent connect server:login ipc://login.ipc failed:No such file or directory
[E:runtime][2018-04-13 09:48:46 @user.server.startup:49] server/scene connect server:world ipc://world.ipc failed:Connection refused
[E:runtime][2018-04-13 09:48:47 @user.server.startup:49] server/agent connect server:login ipc://login.ipc failed:Connection refused
[E:runtime][2018-04-13 09:48:47 @user.server.startup:49] server/agent connect server:login ipc://login.ipc failed:Connection refused
[E:runtime][2018-04-13 09:48:48 @user.server.startup:49] server/agent connect server:login ipc://login.ipc failed:Connection refused
[E:runtime][2018-04-13 09:48:48 @user.server.startup:49] server/agent connect server:login ipc://login.ipc failed:Connection refused
[E:runtime][2018-04-13 09:48:49 @user.server.startup:49] server/agent connect server:login ipc://login.ipc failed:Connection refused
[E:runtime][2018-04-13 09:48:49 @user.server.startup:49] server/agent connect server:login ipc://login.ipc failed:Connection refused
[E:runtime][2018-04-13 09:48:50 @user.server.startup:49] server/agent connect server:login ipc://login.ipc failed:Connection refused
[E:runtime][2018-04-13 09:48:50 @user.server.startup:49] server/agent connect server:login ipc://login.ipc failed:Connection refused
[E:runtime][2018-04-13 09:48:51 @user.server.startup:49] server/agent connect server:login ipc://login.ipc failed:Connection refused
[E:runtime][2018-04-13 09:48:51 @user.server.startup:49] server/agent connect server:login ipc://login.ipc failed:Connection refused
[E:runtime][2018-04-13 09:48:52 @user.server.startup:49] server/agent connect server:login ipc://login.ipc failed:Connection refused
[E:runtime][2018-04-13 09:48:52 @user.server.startup:49] server/agent connect server:login ipc://login.ipc failed:Connection refused
[E:runtime][2018-04-13 09:49:29 @user.server.startup:49] server/scene connect server:world ipc://world.ipc failed:Connection refused
[E:runtime][2018-04-13 09:49:29 @user.server.startup:49] server/agent connect server:login ipc://login.ipc failed:Connection refused
[E:runtime][2018-04-13 09:49:29 @user.server.startup:49] server/agent connect server:login ipc://login.ipc failed:Connection refused
[E:runtime][2018-04-13 09:49:30 @user.server.startup:49] server/agent connect server:login ipc://login.ipc failed:Connection refused
[E:runtime][2018-04-13 09:49:30 @user.server.startup:49] server/agent connect server:login ipc://login.ipc failed:Connection refused
[E:runtime][2018-04-13 09:49:31 @user.server.startup:49] server/agent connect server:login ipc://login.ipc failed:Connection refused
[E:runtime][2018-04-13 09:49:31 @user.server.startup:49] server/agent connect server:login ipc://login.ipc failed:Connection refused
[E:runtime][2018-04-13 09:49:32 @user.server.startup:49] server/agent connect server:login ipc://login.ipc failed:Connection refused
[E:runtime][2018-04-13 09:49:32 @user.server.startup:49] server/agent connect server:login ipc://login.ipc failed:Connection refused
[E:runtime][2018-04-13 09:49:33 @user.server.startup:49] server/agent connect server:login ipc://login.ipc failed:Connection refused
[E:runtime][2018-04-13 09:49:33 @user.server.startup:49] server/agent connect server:login ipc://login.ipc failed:Connection refused
[E:runtime][2018-04-13 09:49:34 @user.server.startup:49] server/agent connect server:login ipc://login.ipc failed:Connection refused
[E:runtime][2018-04-13 09:49:34 @user.server.startup:49] server/agent connect server:login ipc://login.ipc failed:Connection refused
[E:runtime][2018-04-13 09:49:35 @user.server.startup:49] server/agent connect server:login ipc://login.ipc failed:Connection refused
[E:runtime][2018-04-13 09:49:35 @user.server.startup:49] server/agent connect server:login ipc://login.ipc failed:Connection refused
[E:runtime][2018-04-13 09:49:36 @user.server.startup:49] server/agent connect server:login ipc://login.ipc failed:Connection refused
[E:runtime][2018-04-13 09:49:36 @user.server.startup:49] server/agent connect server:login ipc://login.ipc failed:Connection refused
[E:runtime][2018-04-13 09:49:37 @user.server.startup:49] server/agent connect server:login ipc://login.ipc failed:Connection refused
[E:runtime][2018-04-13 09:49:37 @user.server.startup:49] server/agent connect server:login ipc://login.ipc failed:Connection refused
[E:runtime][2018-04-13 09:49:38 @user.server.startup:49] server/agent connect server:login ipc://login.ipc failed:Connection refused
[E:runtime][2018-04-13 09:50:09 @user.server.startup:49] server/agent connect server:login ipc://login.ipc failed:Connection refused
[E:runtime][2018-04-13 09:50:09 @./script/server/agent.lua:58] agent start success
[E:runtime][2018-04-13 09:50:10 @user.server.startup:49] server/agent connect server:login ipc://login.ipc failed:Connection refused
[E:runtime][2018-04-13 09:50:11 @user.server.startup:49] server/agent connect server:login ipc://login.ipc failed:Connection refused
[E:runtime][2018-04-13 09:50:12 @user.server.startup:49] server/agent connect server:login ipc://login.ipc failed:Connection refused
[E:runtime][2018-04-13 09:50:13 @user.server.startup:49] server/agent connect server:login ipc://login.ipc failed:Connection refused
[E:runtime][2018-04-13 09:50:14 @user.server.startup:49] server/agent connect server:login ipc://login.ipc failed:Connection refused
[E:runtime][2018-04-13 09:50:15 @user.server.startup:49] server/agent connect server:login ipc://login.ipc failed:Connection refused
[E:runtime][2018-04-13 09:50:16 @user.server.startup:49] server/agent connect server:login ipc://login.ipc failed:Connection refused
[E:runtime][2018-04-13 09:50:17 @user.server.startup:49] server/agent connect server:login ipc://login.ipc failed:Connection refused
[E:runtime][2018-04-13 09:50:18 @user.server.startup:49] server/agent connect server:login ipc://login.ipc failed:Connection refused
[E:runtime][2018-04-13 09:51:08 @user.server.startup:49] server/scene connect server:world ipc://world.ipc failed:Connection refused
[E:runtime][2018-04-13 09:51:08 @user.server.startup:49] server/agent connect server:login ipc://login.ipc failed:Connection refused
[E:runtime][2018-04-13 09:51:08 @user.server.startup:49] server/agent connect server:login ipc://login.ipc failed:Connection refused
[E:runtime][2018-04-13 09:51:08 @./script/server/login.lua:58] login listen client success
[E:runtime][2018-04-13 09:51:09 @./script/server/agent.lua:58] agent start success
[E:runtime][2018-04-13 09:51:09 @./script/server/agent.lua:58] agent start success
[E:runtime][2018-04-13 09:51:40 @user.server.startup:49] server/agent connect server:login ipc://login.ipc failed:Connection refused
[E:runtime][2018-04-13 09:51:40 @user.server.startup:49] server/agent connect server:login ipc://login.ipc failed:Connection refused
[E:runtime][2018-04-13 09:51:40 @./script/server/login.lua:58] login listen client success
[E:runtime][2018-04-13 09:51:41 @./script/server/agent.lua:58] agent start success
[E:runtime][2018-04-13 09:51:41 @./script/server/agent.lua:58] agent start success
[E:runtime][2018-04-13 09:52:12 @user.server.startup:49] server/scene connect server:master ipc://master.ipc failed:Connection refused
[E:runtime][2018-04-13 09:52:12 @user.server.startup:49] server/agent connect server:master ipc://master.ipc failed:Connection refused
[E:runtime][2018-04-13 09:52:12 @user.server.startup:49] server/agent connect server:login ipc://login.ipc failed:Connection refused
[E:runtime][2018-04-13 09:52:12 @./script/server/login.lua:58] login listen client success
[E:runtime][2018-04-13 09:52:13 @./script/server/agent.lua:58] agent start success
[E:runtime][2018-04-13 09:52:13 @./script/server/agent.lua:58] agent start success
[E:runtime][2018-04-13 09:52:18 @user.server.startup:49] server/agent connect server:login ipc://login.ipc failed:Connection refused
[E:runtime][2018-04-13 09:52:18 @user.server.startup:49] server/agent connect server:world ipc://world.ipc failed:Connection refused
[E:runtime][2018-04-13 09:52:18 @user.server.startup:49] server/scene connect server:world ipc://world.ipc failed:Connection refused
[E:runtime][2018-04-13 09:52:18 @./script/server/login.lua:58] login listen client success
[E:runtime][2018-04-13 09:52:19 @./script/server/agent.lua:58] agent start success
[E:runtime][2018-04-13 09:52:19 @./script/server/agent.lua:58] agent start success
[E:runtime][2018-04-13 09:52:36 @user.server.startup:49] server/scene connect server:world ipc://world.ipc failed:Connection refused
[E:runtime][2018-04-13 09:52:36 @user.server.startup:49] server/agent connect server:login ipc://login.ipc failed:Connection refused
[E:runtime][2018-04-13 09:52:36 @./script/server/login.lua:58] login listen client success
[E:runtime][2018-04-13 09:52:36 @user.server.startup:49] server/agent connect server:login ipc://login.ipc failed:No such file or directory
[E:runtime][2018-04-13 09:52:37 @./script/server/agent.lua:58] agent start success
[E:runtime][2018-04-13 09:52:37 @./script/server/agent.lua:58] agent start success
[E:runtime][2018-04-13 09:53:04 @user.server.startup:49] server/agent connect server:login ipc://login.ipc failed:Connection refused
[E:runtime][2018-04-13 09:53:04 @user.server.startup:49] server/scene connect server:world ipc://world.ipc failed:Connection refused
[E:runtime][2018-04-13 09:53:04 @user.server.startup:49] server/agent connect server:login ipc://login.ipc failed:Connection refused
[E:runtime][2018-04-13 09:53:04 @./script/server/login.lua:58] login listen client success
[E:runtime][2018-04-13 09:53:05 @./script/server/agent.lua:58] agent start success
[E:runtime][2018-04-13 09:53:05 @./script/server/agent.lua:58] agent start success
[E:runtime][2018-04-13 09:53:27 @user.server.startup:49] server/scene connect server:master ipc://master.ipc failed:Connection refused
[E:runtime][2018-04-13 09:53:27 @user.server.startup:49] server/agent connect server:login ipc://login.ipc failed:Connection refused
[E:runtime][2018-04-13 09:53:27 @./script/server/login.lua:58] login listen client success
[E:runtime][2018-04-13 09:53:27 @user.server.startup:49] server/agent connect server:master ipc://master.ipc failed:Connection refused
[E:runtime][2018-04-13 09:53:28 @./script/server/agent.lua:59] agent start success
[E:runtime][2018-04-13 09:54:09 @./script/server/agent.lua:59] agent start success
[E:runtime][2018-04-13 09:54:09 @user.server.startup:49] server/agent connect server:world ipc://world.ipc failed:Connection refused
[E:runtime][2018-04-13 09:54:09 @./script/server/login.lua:58] login listen client success
[E:runtime][2018-04-13 09:54:23 @user.server.startup:49] server/agent connect server:login ipc://login.ipc failed:Connection refused
[E:runtime][2018-04-13 09:54:23 @user.server.startup:49] server/scene connect server:master ipc://master.ipc failed:Connection refused
[E:runtime][2018-04-13 09:54:23 @user.server.startup:49] server/agent connect server:login ipc://login.ipc failed:Connection refused
[E:runtime][2018-04-13 09:54:23 @./script/server/login.lua:58] login listen client success
[E:runtime][2018-04-13 09:54:24 @./script/server/agent.lua:59] agent start success
[E:runtime][2018-04-13 09:54:36 @user.server.startup:49] server/scene connect server:world ipc://world.ipc failed:Connection refused
[E:runtime][2018-04-13 09:54:36 @user.server.startup:49] server/agent connect server:login ipc://login.ipc failed:Connection refused
[E:runtime][2018-04-13 09:54:36 @./script/server/login.lua:58] login listen client success
[E:runtime][2018-04-13 09:54:36 @user.server.startup:49] server/agent connect server:master ipc://master.ipc failed:Connection refused
[E:runtime][2018-04-13 09:54:37 @./script/server/agent.lua:59] agent start success
[E:runtime][2018-04-13 09:54:55 @user.server.startup:49] server/agent connect server:login ipc://login.ipc failed:Connection refused
[E:runtime][2018-04-13 09:54:55 @./script/server/login.lua:58] login listen client success
[E:runtime][2018-04-13 09:54:56 @./script/server/agent.lua:59] agent start success
[E:runtime][2018-04-13 09:56:00 @user.server.startup:49] server/agent connect server:login ipc://login.ipc failed:Connection refused
[E:runtime][2018-04-13 09:56:00 @./script/server/login.lua:58] login listen client success
[E:runtime][2018-04-13 09:56:01 @./script/server/agent.lua:59] agent start success
[E:runtime][2018-04-13 09:56:24 @user.server.startup:49] server/scene connect server:world ipc://world.ipc failed:Connection refused
[E:runtime][2018-04-13 09:56:24 @user.server.startup:49] server/agent connect server:login ipc://login.ipc failed:Connection refused
[E:runtime][2018-04-13 09:56:24 @./script/server/login.lua:58] login listen client success
[E:runtime][2018-04-13 09:56:25 @./script/server/agent.lua:59] agent start success
[E:runtime][2018-04-13 09:58:02 @user.server.startup:49] server/scene connect server:world ipc://world.ipc failed:Connection refused
[E:runtime][2018-04-13 09:58:02 @user.server.startup:49] server/agent connect server:login ipc://login.ipc failed:Connection refused
[E:runtime][2018-04-13 09:58:02 @./script/server/login.lua:58] login listen client success
[E:runtime][2018-04-13 09:58:03 @./script/server/agent.lua:59] agent start success
[E:runtime][2018-04-13 09:59:16 @user.server.startup:49] server/scene connect server:world ipc://world.ipc failed:Connection refused
[E:runtime][2018-04-13 09:59:16 @user.server.startup:49] server/agent connect server:login ipc://login.ipc failed:Connection refused
[E:runtime][2018-04-13 09:59:16 @./script/server/login.lua:58] login listen client success
[E:runtime][2018-04-13 09:59:17 @./script/server/agent.lua:59] agent start success
[E:runtime][2018-04-13 09:59:50 @user.server.startup:49] server/agent connect server:login ipc://login.ipc failed:Connection refused
[E:runtime][2018-04-13 09:59:50 @./script/server/login.lua:58] login listen client success
[E:runtime][2018-04-13 09:59:51 @./script/server/agent.lua:59] agent start success
[E:runtime][2018-04-13 10:00:22 @user.server.startup:49] server/agent connect server:login ipc://login.ipc failed:Connection refused
[E:runtime][2018-04-13 10:00:22 @./script/server/login.lua:58] login listen client success
[E:runtime][2018-04-13 10:00:22 @user.server.startup:49] server/scene connect server:world ipc://world.ipc failed:Connection refused
[E:runtime][2018-04-13 10:00:23 @./script/server/agent.lua:59] agent start success
[E:runtime][2018-04-13 10:01:02 @user.server.startup:49] server/agent connect server:login ipc://login.ipc failed:Connection refused
[E:runtime][2018-04-13 10:01:02 @./script/server/login.lua:58] login listen client success
[E:runtime][2018-04-13 10:01:03 @./script/server/agent.lua:59] agent start success
[E:runtime][2018-04-13 10:02:58 @user.server.startup:49] server/agent connect server:login ipc://login.ipc failed:Connection refused
[E:runtime][2018-04-13 10:02:58 @./script/server/login.lua:58] login listen client success
[E:runtime][2018-04-13 10:02:59 @./script/server/agent.lua:59] agent start success
[E:runtime][2018-04-13 10:03:31 @user.server.startup:49] server/agent connect server:login ipc://login.ipc failed:Connection refused
[E:runtime][2018-04-13 10:03:31 @user.server.startup:49] server/scene connect server:world ipc://world.ipc failed:Connection refused
[E:runtime][2018-04-13 10:03:31 @./script/server/login.lua:59] login listen client success
[E:runtime][2018-04-13 10:03:32 @./script/server/agent.lua:59] agent start success
[E:runtime][2018-04-13 10:05:47 @user.server.startup:49] server/scene connect server:world ipc://world.ipc failed:Connection refused
[E:runtime][2018-04-13 10:05:47 @user.server.startup:49] server/agent connect server:login ipc://login.ipc failed:Connection refused
[E:runtime][2018-04-13 10:05:47 @./script/server/login.lua:67] login listen client success
[E:runtime][2018-04-13 10:05:48 @./script/server/agent.lua:59] agent start success
[E:runtime][2018-04-13 10:06:18 @user.server.startup:49] server/scene connect server:master ipc://master.ipc failed:Connection refused
[E:runtime][2018-04-13 10:06:18 @./script/server/login.lua:68] login listen client success
[E:runtime][2018-04-13 10:06:18 @./script/server/agent.lua:59] agent start success
[E:runtime][2018-04-13 10:07:04 @./script/server/login.lua:72] login listen client success
[E:runtime][2018-04-13 10:07:04 @user.server.startup:49] server/agent connect server:world ipc://world.ipc failed:Connection refused
[E:runtime][2018-04-13 10:07:05 @./script/server/agent.lua:59] agent start success
[E:runtime][2018-04-13 10:08:13 @./script/server/login.lua:68] login listen client success
[E:runtime][2018-04-13 10:08:14 @user.server.startup:49] server/scene connect server:world ipc://world.ipc failed:Connection refused
[E:runtime][2018-04-13 10:08:14 @./script/server/agent.lua:59] agent start success
[E:runtime][2018-04-13 10:08:15 @./script/server/login.lua:41] user.handler.login_handler:13: attempt to index a nil value (global 'event')
stack traceback:
	user.handler.login_handler:13: in function <user.handler.login_handler:10>
	[C]: in function 'xpcall'
	./script/server/login.lua:39: in function <./script/server/login.lua:38>
	[C]: in method 'dispatch'
	./lualib/event.lua:263: in function 'event.dispatch'
	lualib/bootstrap.lua:106: in main chunk
[E:runtime][2018-04-13 10:09:27 @./script/server/login.lua:68] login listen client success
[E:runtime][2018-04-13 10:09:27 @./script/server/agent.lua:59] agent start success
[E:runtime][2018-04-13 10:09:31 @user.handler.login_handler:14] cid:4999 addr:127.0.0.1:47198 enter
